<?xml version="1.0" encoding="UTF-8"?>
<testsuite xmlns:xsi="http://www.w3.org/2001/XMLSchema-instance" xsi:schemaLocation="https://maven.apache.org/surefire/maven-surefire-plugin/xsd/surefire-test-report.xsd" name="com.addition.bdd.runner.RunAdditionTest" time="20.873" tests="8" errors="0" skipped="0" failures="0">
  <properties>
[...]
</properties>
  <testcase name="Given navigate to miniwebtool sum calculator page" classname="| 9 | 9 | 18.0 |" time="0.001"/>
  <testcase name="When the user perform the request to add &quot;9&quot; &amp; &quot;9&quot;" classname="| 9 | 9 | 18.0 |" time="0.004"/>
  <testcase name="Then the sum of &quot;9&quot; &amp; &quot;9&quot; is &quot;18.0&quot;" classname="| 9 | 9 | 18.0 |" time="0"/>
  <testcase name="| 9 | 9 | 18.0 |" classname="| 9 | 9 | 18.0 |" time="0.702"/>
  <testcase name="Given navigate to miniwebtool sum calculator page" classname="| a | c | Please enter all the numbers separated by comma, space or line break. |" time="0"/>
  <testcase name="When the user perform the request to add &quot;a&quot; &amp; &quot;c&quot;" classname="| a | c | Please enter all the numbers separated by comma, space or line break. |" time="0"/>
  <testcase name="Then the sum of invalid inputs &quot;a&quot; &amp; &quot;c&quot; is &quot;Please enter all the numbers separated by comma, space or line break.&quot;" classname="| a | c | Please enter all the numbers separated by comma, space or line break. |" time="0"/>
  <testcase name="| a | c | Please enter all the numbers separated by comma, space or line break. |" classname="| a | c | Please enter all the numbers separated by comma, space or line break. |" time="0.618"/>
</testsuite>